2017-05-05 11:13:21,150  INFO BlogApplication:48 - Starting BlogApplication on DESKTOP-1I90IIR with PID 3916 (E:\project\blog\target\classes started by zzh in E:\project\blog)
2017-05-05 11:13:21,176  INFO BlogApplication:637 - No active profile set, falling back to default profiles: default
2017-05-05 11:13:21,257  INFO AnnotationConfigEmbeddedWebApplicationContext:582 - Refreshing org.springframework.boot.context.embedded.AnnotationConfigEmbeddedWebApplicationContext@2bbf4b8b: startup date [Fri May 05 11:13:21 CST 2017]; root of context hierarchy
2017-05-05 11:13:21,822  INFO Version:30 - HV000001: Hibernate Validator 5.3.4.Final
2017-05-05 11:13:22,941  INFO PostProcessorRegistrationDelegate$BeanPostProcessorChecker:325 - Bean 'org.springframework.transaction.annotation.ProxyTransactionManagementConfiguration' of type [org.springframework.transaction.annotation.ProxyTransactionManagementConfiguration$$EnhancerBySpringCGLIB$$93d30690] is not eligible for getting processed by all BeanPostProcessors (for example: not eligible for auto-proxying)
2017-05-05 11:13:23,280  INFO TomcatEmbeddedServletContainer:89 - Tomcat initialized with port(s): 8081 (http)
2017-05-05 11:13:23,390  INFO ContextLoader:276 - Root WebApplicationContext: initialization completed in 2147 ms
2017-05-05 11:13:23,487  INFO ServletRegistrationBean:190 - Mapping servlet: 'kaptchaServlet' to [/verificationCode]
2017-05-05 11:13:23,488  INFO ServletRegistrationBean:190 - Mapping servlet: 'dispatcherServlet' to [/]
2017-05-05 11:13:23,491  INFO FilterRegistrationBean:258 - Mapping filter: 'characterEncodingFilter' to: [/*]
2017-05-05 11:13:23,491  INFO FilterRegistrationBean:258 - Mapping filter: 'hiddenHttpMethodFilter' to: [/*]
2017-05-05 11:13:23,491  INFO FilterRegistrationBean:258 - Mapping filter: 'httpPutFormContentFilter' to: [/*]
2017-05-05 11:13:23,492  INFO FilterRegistrationBean:258 - Mapping filter: 'requestContextFilter' to: [/*]
2017-05-05 11:13:24,446  INFO LocalContainerEntityManagerFactoryBean:349 - Building JPA container EntityManagerFactory for persistence unit 'default'
2017-05-05 11:13:24,461  INFO LogHelper:31 - HHH000204: Processing PersistenceUnitInfo [
	name: default
	...]
2017-05-05 11:13:24,588  INFO Version:37 - HHH000412: Hibernate Core {5.0.12.Final}
2017-05-05 11:13:24,589  INFO Environment:213 - HHH000206: hibernate.properties not found
2017-05-05 11:13:24,590  INFO Environment:317 - HHH000021: Bytecode provider name : javassist
2017-05-05 11:13:24,653  INFO Version:66 - HCANN000001: Hibernate Commons Annotations {5.0.1.Final}
2017-05-05 11:13:24,809  INFO Dialect:156 - HHH000400: Using dialect: org.hibernate.dialect.MySQL5Dialect
2017-05-05 11:13:25,072  INFO SchemaUpdate:105 - HHH000228: Running hbm2ddl schema update
2017-05-05 11:13:26,303  INFO LocalContainerEntityManagerFactoryBean:379 - Initialized JPA EntityManagerFactory for persistence unit 'default'
2017-05-05 11:13:26,925  INFO RequestMappingHandlerAdapter:534 - Looking for @ControllerAdvice: org.springframework.boot.context.embedded.AnnotationConfigEmbeddedWebApplicationContext@2bbf4b8b: startup date [Fri May 05 11:13:21 CST 2017]; root of context hierarchy
2017-05-05 11:13:26,984  INFO RequestMappingHandlerMapping:543 - Mapped "{[/register],methods=[POST]}" onto public java.lang.String com.zzh.controller.UserController.register(com.zzh.domain.User,javax.servlet.http.HttpSession) throws com.zzh.exception.MyException
2017-05-05 11:13:26,985  INFO RequestMappingHandlerMapping:543 - Mapped "{[/active],methods=[GET]}" onto public java.lang.String com.zzh.controller.UserController.active(java.lang.String,java.lang.String) throws com.zzh.exception.MyException
2017-05-05 11:13:26,985  INFO RequestMappingHandlerMapping:543 - Mapped "{[/login],methods=[POST]}" onto public java.lang.String com.zzh.controller.UserController.login(java.lang.String,java.lang.String,java.lang.String,javax.servlet.http.HttpSession) throws com.zzh.exception.MyException
2017-05-05 11:13:26,985  INFO RequestMappingHandlerMapping:543 - Mapped "{[/logout],methods=[GET]}" onto public java.lang.String com.zzh.controller.UserController.logout(javax.servlet.http.HttpSession)
2017-05-05 11:13:26,986  INFO RequestMappingHandlerMapping:543 - Mapped "{[/hello],methods=[GET]}" onto public java.lang.String com.zzh.controller.UserController.hello(javax.servlet.http.HttpSession)
2017-05-05 11:13:26,986  INFO RequestMappingHandlerMapping:543 - Mapped "{[/email],methods=[GET]}" onto public java.lang.String com.zzh.controller.UserController.email(java.lang.String,java.lang.String) throws com.zzh.exception.MyException
2017-05-05 11:13:26,986  INFO RequestMappingHandlerMapping:543 - Mapped "{[/upload/icon],methods=[POST]}" onto public java.lang.String com.zzh.controller.UserController.uploadIcon(org.springframework.web.multipart.MultipartFile) throws com.zzh.exception.MyException
2017-05-05 11:13:26,987  INFO RequestMappingHandlerMapping:543 - Mapped "{[/error]}" onto public org.springframework.http.ResponseEntity<java.util.Map<java.lang.String, java.lang.Object>> org.springframework.boot.autoconfigure.web.BasicErrorController.error(javax.servlet.http.HttpServletRequest)
2017-05-05 11:13:26,988  INFO RequestMappingHandlerMapping:543 - Mapped "{[/error],produces=[text/html]}" onto public org.springframework.web.servlet.ModelAndView org.springframework.boot.autoconfigure.web.BasicErrorController.errorHtml(javax.servlet.http.HttpServletRequest,javax.servlet.http.HttpServletResponse)
2017-05-05 11:13:27,004  INFO SimpleUrlHandlerMapping:362 - Mapped URL path [/webjars/**] onto handler of type [class org.springframework.web.servlet.resource.ResourceHttpRequestHandler]
2017-05-05 11:13:27,005  INFO SimpleUrlHandlerMapping:362 - Mapped URL path [/**] onto handler of type [class org.springframework.web.servlet.resource.ResourceHttpRequestHandler]
2017-05-05 11:13:27,015  INFO ExceptionHandlerExceptionResolver:273 - Detected @ExceptionHandler methods in globalExceptionHandler
2017-05-05 11:13:27,035  INFO SimpleUrlHandlerMapping:362 - Mapped URL path [/**/favicon.ico] onto handler of type [class org.springframework.web.servlet.resource.ResourceHttpRequestHandler]
2017-05-05 11:13:27,206  INFO AnnotationMBeanExporter:431 - Registering beans for JMX exposure on startup
2017-05-05 11:13:27,274  INFO TomcatEmbeddedServletContainer:198 - Tomcat started on port(s): 8081 (http)
2017-05-05 11:13:27,277  INFO BlogApplication:57 - Started BlogApplication in 7.259 seconds (JVM running for 7.885)
2017-05-05 11:14:27,317  INFO BlogApplication:48 - Starting BlogApplication on DESKTOP-1I90IIR with PID 29032 (E:\project\blog\target\classes started by zzh in E:\project\blog)
2017-05-05 11:14:27,318  INFO BlogApplication:637 - No active profile set, falling back to default profiles: default
2017-05-05 11:14:27,345  INFO AnnotationConfigEmbeddedWebApplicationContext:582 - Refreshing org.springframework.boot.context.embedded.AnnotationConfigEmbeddedWebApplicationContext@2bbf4b8b: startup date [Fri May 05 11:14:27 CST 2017]; root of context hierarchy
2017-05-05 11:14:27,504  INFO Version:30 - HV000001: Hibernate Validator 5.3.4.Final
2017-05-05 11:14:28,063  INFO PostProcessorRegistrationDelegate$BeanPostProcessorChecker:325 - Bean 'org.springframework.transaction.annotation.ProxyTransactionManagementConfiguration' of type [org.springframework.transaction.annotation.ProxyTransactionManagementConfiguration$$EnhancerBySpringCGLIB$$98e58465] is not eligible for getting processed by all BeanPostProcessors (for example: not eligible for auto-proxying)
2017-05-05 11:14:28,315  INFO TomcatEmbeddedServletContainer:89 - Tomcat initialized with port(s): 8081 (http)
2017-05-05 11:14:28,380  INFO ContextLoader:276 - Root WebApplicationContext: initialization completed in 1037 ms
2017-05-05 11:14:28,452  INFO ServletRegistrationBean:190 - Mapping servlet: 'kaptchaServlet' to [/verificationCode]
2017-05-05 11:14:28,453  INFO ServletRegistrationBean:190 - Mapping servlet: 'dispatcherServlet' to [/]
2017-05-05 11:14:28,455  INFO FilterRegistrationBean:258 - Mapping filter: 'characterEncodingFilter' to: [/*]
2017-05-05 11:14:28,455  INFO FilterRegistrationBean:258 - Mapping filter: 'hiddenHttpMethodFilter' to: [/*]
2017-05-05 11:14:28,455  INFO FilterRegistrationBean:258 - Mapping filter: 'httpPutFormContentFilter' to: [/*]
2017-05-05 11:14:28,456  INFO FilterRegistrationBean:258 - Mapping filter: 'requestContextFilter' to: [/*]
2017-05-05 11:14:28,795  INFO LocalContainerEntityManagerFactoryBean:349 - Building JPA container EntityManagerFactory for persistence unit 'default'
2017-05-05 11:14:28,802  INFO LogHelper:31 - HHH000204: Processing PersistenceUnitInfo [
	name: default
	...]
2017-05-05 11:14:28,835  INFO Version:37 - HHH000412: Hibernate Core {5.0.12.Final}
2017-05-05 11:14:28,836  INFO Environment:213 - HHH000206: hibernate.properties not found
2017-05-05 11:14:28,837  INFO Environment:317 - HHH000021: Bytecode provider name : javassist
2017-05-05 11:14:28,858  INFO Version:66 - HCANN000001: Hibernate Commons Annotations {5.0.1.Final}
2017-05-05 11:14:28,910  INFO Dialect:156 - HHH000400: Using dialect: org.hibernate.dialect.MySQL5Dialect
2017-05-05 11:14:29,111  INFO SchemaUpdate:105 - HHH000228: Running hbm2ddl schema update
2017-05-05 11:14:29,156  INFO LocalContainerEntityManagerFactoryBean:379 - Initialized JPA EntityManagerFactory for persistence unit 'default'
2017-05-05 11:14:29,545  INFO RequestMappingHandlerAdapter:534 - Looking for @ControllerAdvice: org.springframework.boot.context.embedded.AnnotationConfigEmbeddedWebApplicationContext@2bbf4b8b: startup date [Fri May 05 11:14:27 CST 2017]; root of context hierarchy
2017-05-05 11:14:29,584  INFO RequestMappingHandlerMapping:543 - Mapped "{[/register],methods=[POST]}" onto public java.lang.String com.zzh.controller.UserController.register(com.zzh.domain.User,javax.servlet.http.HttpSession) throws com.zzh.exception.MyException
2017-05-05 11:14:29,584  INFO RequestMappingHandlerMapping:543 - Mapped "{[/active],methods=[GET]}" onto public java.lang.String com.zzh.controller.UserController.active(java.lang.String,java.lang.String) throws com.zzh.exception.MyException
2017-05-05 11:14:29,584  INFO RequestMappingHandlerMapping:543 - Mapped "{[/email],methods=[GET]}" onto public java.lang.String com.zzh.controller.UserController.email(java.lang.String,java.lang.String) throws com.zzh.exception.MyException
2017-05-05 11:14:29,585  INFO RequestMappingHandlerMapping:543 - Mapped "{[/upload/icon],methods=[POST]}" onto public java.lang.String com.zzh.controller.UserController.uploadIcon(org.springframework.web.multipart.MultipartFile) throws com.zzh.exception.MyException
2017-05-05 11:14:29,585  INFO RequestMappingHandlerMapping:543 - Mapped "{[/login],methods=[POST]}" onto public java.lang.String com.zzh.controller.UserController.login(java.lang.String,java.lang.String,java.lang.String,javax.servlet.http.HttpSession) throws com.zzh.exception.MyException
2017-05-05 11:14:29,585  INFO RequestMappingHandlerMapping:543 - Mapped "{[/hello],methods=[GET]}" onto public java.lang.String com.zzh.controller.UserController.hello(javax.servlet.http.HttpSession)
2017-05-05 11:14:29,585  INFO RequestMappingHandlerMapping:543 - Mapped "{[/logout],methods=[GET]}" onto public java.lang.String com.zzh.controller.UserController.logout(javax.servlet.http.HttpSession)
2017-05-05 11:14:29,587  INFO RequestMappingHandlerMapping:543 - Mapped "{[/error]}" onto public org.springframework.http.ResponseEntity<java.util.Map<java.lang.String, java.lang.Object>> org.springframework.boot.autoconfigure.web.BasicErrorController.error(javax.servlet.http.HttpServletRequest)
2017-05-05 11:14:29,587  INFO RequestMappingHandlerMapping:543 - Mapped "{[/error],produces=[text/html]}" onto public org.springframework.web.servlet.ModelAndView org.springframework.boot.autoconfigure.web.BasicErrorController.errorHtml(javax.servlet.http.HttpServletRequest,javax.servlet.http.HttpServletResponse)
2017-05-05 11:14:29,602  INFO SimpleUrlHandlerMapping:362 - Mapped URL path [/webjars/**] onto handler of type [class org.springframework.web.servlet.resource.ResourceHttpRequestHandler]
2017-05-05 11:14:29,602  INFO SimpleUrlHandlerMapping:362 - Mapped URL path [/**] onto handler of type [class org.springframework.web.servlet.resource.ResourceHttpRequestHandler]
2017-05-05 11:14:29,613  INFO ExceptionHandlerExceptionResolver:273 - Detected @ExceptionHandler methods in globalExceptionHandler
2017-05-05 11:14:29,624  INFO SimpleUrlHandlerMapping:362 - Mapped URL path [/**/favicon.ico] onto handler of type [class org.springframework.web.servlet.resource.ResourceHttpRequestHandler]
2017-05-05 11:14:29,742  INFO AnnotationMBeanExporter:431 - Registering beans for JMX exposure on startup
2017-05-05 11:14:29,775  INFO TomcatEmbeddedServletContainer:198 - Tomcat started on port(s): 8081 (http)
2017-05-05 11:14:29,778  INFO BlogApplication:57 - Started BlogApplication in 2.635 seconds (JVM running for 2.951)
2017-09-04 14:28:35,594  INFO BlogApplication:48 - Starting BlogApplication on DESKTOP-73TUSNQ with PID 5644 (D:\my\blog\target\classes started by lenovo in D:\my\blog)
2017-09-04 14:28:35,641  INFO BlogApplication:637 - No active profile set, falling back to default profiles: default
2017-09-04 14:28:35,704  INFO AnnotationConfigEmbeddedWebApplicationContext:582 - Refreshing org.springframework.boot.context.embedded.AnnotationConfigEmbeddedWebApplicationContext@73d4cc9e: startup date [Mon Sep 04 14:28:35 CST 2017]; root of context hierarchy
2017-09-04 14:28:36,114  INFO Version:30 - HV000001: Hibernate Validator 5.3.4.Final
2017-09-04 14:28:37,127  INFO PostProcessorRegistrationDelegate$BeanPostProcessorChecker:325 - Bean 'org.springframework.transaction.annotation.ProxyTransactionManagementConfiguration' of type [org.springframework.transaction.annotation.ProxyTransactionManagementConfiguration$$EnhancerBySpringCGLIB$$a8e1970c] is not eligible for getting processed by all BeanPostProcessors (for example: not eligible for auto-proxying)
2017-09-04 14:28:37,672  INFO TomcatEmbeddedServletContainer:89 - Tomcat initialized with port(s): 8081 (http)
2017-09-04 14:28:38,009  INFO ContextLoader:276 - Root WebApplicationContext: initialization completed in 2336 ms
2017-09-04 14:28:38,243  INFO ServletRegistrationBean:190 - Mapping servlet: 'kaptchaServlet' to [/verificationCode]
2017-09-04 14:28:38,243  INFO ServletRegistrationBean:190 - Mapping servlet: 'dispatcherServlet' to [/]
2017-09-04 14:28:38,243  INFO FilterRegistrationBean:258 - Mapping filter: 'characterEncodingFilter' to: [/*]
2017-09-04 14:28:38,243  INFO FilterRegistrationBean:258 - Mapping filter: 'hiddenHttpMethodFilter' to: [/*]
2017-09-04 14:28:38,243  INFO FilterRegistrationBean:258 - Mapping filter: 'httpPutFormContentFilter' to: [/*]
2017-09-04 14:28:38,243  INFO FilterRegistrationBean:258 - Mapping filter: 'requestContextFilter' to: [/*]
2017-09-04 14:28:38,743  WARN DatabaseLookup:80 - Unable to determine jdbc url from datasource
org.springframework.jdbc.support.MetaDataAccessException: Could not get Connection for extracting meta data; nested exception is org.springframework.jdbc.CannotGetJdbcConnectionException: Could not get JDBC Connection; nested exception is com.mysql.jdbc.exceptions.jdbc4.MySQLSyntaxErrorException: Unknown database 'blog'
	at org.springframework.jdbc.support.JdbcUtils.extractDatabaseMetaData(JdbcUtils.java:339)
	at org.springframework.jdbc.support.JdbcUtils.extractDatabaseMetaData(JdbcUtils.java:366)
	at org.springframework.boot.autoconfigure.orm.jpa.DatabaseLookup.getDatabase(DatabaseLookup.java:72)
	at org.springframework.boot.autoconfigure.orm.jpa.JpaProperties.determineDatabase(JpaProperties.java:139)
	at org.springframework.boot.autoconfigure.orm.jpa.JpaBaseConfiguration.jpaVendorAdapter(JpaBaseConfiguration.java:105)
	at org.springframework.boot.autoconfigure.orm.jpa.HibernateJpaAutoConfiguration$$EnhancerBySpringCGLIB$$1267fb2c.CGLIB$jpaVendorAdapter$4(<generated>)
	at org.springframework.boot.autoconfigure.orm.jpa.HibernateJpaAutoConfiguration$$EnhancerBySpringCGLIB$$1267fb2c$$FastClassBySpringCGLIB$$990cab0d.invoke(<generated>)
	at org.springframework.cglib.proxy.MethodProxy.invokeSuper(MethodProxy.java:228)
	at org.springframework.context.annotation.ConfigurationClassEnhancer$BeanMethodInterceptor.intercept(ConfigurationClassEnhancer.java:358)
	at org.springframework.boot.autoconfigure.orm.jpa.HibernateJpaAutoConfiguration$$EnhancerBySpringCGLIB$$1267fb2c.jpaVendorAdapter(<generated>)
	at sun.reflect.NativeMethodAccessorImpl.invoke0(Native Method)
	at sun.reflect.NativeMethodAccessorImpl.invoke(NativeMethodAccessorImpl.java:62)
	at sun.reflect.DelegatingMethodAccessorImpl.invoke(DelegatingMethodAccessorImpl.java:43)
	at java.lang.reflect.Method.invoke(Method.java:498)
	at org.springframework.beans.factory.support.SimpleInstantiationStrategy.instantiate(SimpleInstantiationStrategy.java:162)
	at org.springframework.beans.factory.support.ConstructorResolver.instantiateUsingFactoryMethod(ConstructorResolver.java:588)
	at org.springframework.beans.factory.support.AbstractAutowireCapableBeanFactory.instantiateUsingFactoryMethod(AbstractAutowireCapableBeanFactory.java:1173)
	at org.springframework.beans.factory.support.AbstractAutowireCapableBeanFactory.createBeanInstance(AbstractAutowireCapableBeanFactory.java:1067)
	at org.springframework.beans.factory.support.AbstractAutowireCapableBeanFactory.doCreateBean(AbstractAutowireCapableBeanFactory.java:513)
	at org.springframework.beans.factory.support.AbstractAutowireCapableBeanFactory.createBean(AbstractAutowireCapableBeanFactory.java:483)
	at org.springframework.beans.factory.support.AbstractBeanFactory$1.getObject(AbstractBeanFactory.java:306)
	at org.springframework.beans.factory.support.DefaultSingletonBeanRegistry.getSingleton(DefaultSingletonBeanRegistry.java:230)
	at org.springframework.beans.factory.support.AbstractBeanFactory.doGetBean(AbstractBeanFactory.java:302)
	at org.springframework.beans.factory.support.AbstractBeanFactory.getBean(AbstractBeanFactory.java:202)
	at org.springframework.beans.factory.config.DependencyDescriptor.resolveCandidate(DependencyDescriptor.java:208)
	at org.springframework.beans.factory.support.DefaultListableBeanFactory.doResolveDependency(DefaultListableBeanFactory.java:1138)
	at org.springframework.beans.factory.support.DefaultListableBeanFactory.resolveDependency(DefaultListableBeanFactory.java:1066)
	at org.springframework.beans.factory.support.ConstructorResolver.resolveAutowiredArgument(ConstructorResolver.java:835)
	at org.springframework.beans.factory.support.ConstructorResolver.createArgumentArray(ConstructorResolver.java:741)
	at org.springframework.beans.factory.support.ConstructorResolver.instantiateUsingFactoryMethod(ConstructorResolver.java:467)
	at org.springframework.beans.factory.support.AbstractAutowireCapableBeanFactory.instantiateUsingFactoryMethod(AbstractAutowireCapableBeanFactory.java:1173)
	at org.springframework.beans.factory.support.AbstractAutowireCapableBeanFactory.createBeanInstance(AbstractAutowireCapableBeanFactory.java:1067)
	at org.springframework.beans.factory.support.AbstractAutowireCapableBeanFactory.doCreateBean(AbstractAutowireCapableBeanFactory.java:513)
	at org.springframework.beans.factory.support.AbstractAutowireCapableBeanFactory.createBean(AbstractAutowireCapableBeanFactory.java:483)
	at org.springframework.beans.factory.support.AbstractBeanFactory$1.getObject(AbstractBeanFactory.java:306)
	at org.springframework.beans.factory.support.DefaultSingletonBeanRegistry.getSingleton(DefaultSingletonBeanRegistry.java:230)
	at org.springframework.beans.factory.support.AbstractBeanFactory.doGetBean(AbstractBeanFactory.java:302)
	at org.springframework.beans.factory.support.AbstractBeanFactory.getBean(AbstractBeanFactory.java:202)
	at org.springframework.beans.factory.config.DependencyDescriptor.resolveCandidate(DependencyDescriptor.java:208)
	at org.springframework.beans.factory.support.DefaultListableBeanFactory.doResolveDependency(DefaultListableBeanFactory.java:1138)
	at org.springframework.beans.factory.support.DefaultListableBeanFactory.resolveDependency(DefaultListableBeanFactory.java:1066)
	at org.springframework.beans.factory.support.ConstructorResolver.resolveAutowiredArgument(ConstructorResolver.java:835)
	at org.springframework.beans.factory.support.ConstructorResolver.createArgumentArray(ConstructorResolver.java:741)
	at org.springframework.beans.factory.support.ConstructorResolver.instantiateUsingFactoryMethod(ConstructorResolver.java:467)
	at org.springframework.beans.factory.support.AbstractAutowireCapableBeanFactory.instantiateUsingFactoryMethod(AbstractAutowireCapableBeanFactory.java:1173)
	at org.springframework.beans.factory.support.AbstractAutowireCapableBeanFactory.createBeanInstance(AbstractAutowireCapableBeanFactory.java:1067)
	at org.springframework.beans.factory.support.AbstractAutowireCapableBeanFactory.doCreateBean(AbstractAutowireCapableBeanFactory.java:513)
	at org.springframework.beans.factory.support.AbstractAutowireCapableBeanFactory.createBean(AbstractAutowireCapableBeanFactory.java:483)
	at org.springframework.beans.factory.support.AbstractBeanFactory$1.getObject(AbstractBeanFactory.java:306)
	at org.springframework.beans.factory.support.DefaultSingletonBeanRegistry.getSingleton(DefaultSingletonBeanRegistry.java:230)
	at org.springframework.beans.factory.support.AbstractBeanFactory.doGetBean(AbstractBeanFactory.java:302)
	at org.springframework.beans.factory.support.AbstractBeanFactory.getBean(AbstractBeanFactory.java:197)
	at org.springframework.context.support.AbstractApplicationContext.getBean(AbstractApplicationContext.java:1081)
	at org.springframework.context.support.AbstractApplicationContext.finishBeanFactoryInitialization(AbstractApplicationContext.java:856)
	at org.springframework.context.support.AbstractApplicationContext.refresh(AbstractApplicationContext.java:542)
	at org.springframework.boot.context.embedded.EmbeddedWebApplicationContext.refresh(EmbeddedWebApplicationContext.java:122)
	at org.springframework.boot.SpringApplication.refresh(SpringApplication.java:737)
	at org.springframework.boot.SpringApplication.refreshContext(SpringApplication.java:370)
	at org.springframework.boot.SpringApplication.run(SpringApplication.java:314)
	at org.springframework.boot.SpringApplication.run(SpringApplication.java:1162)
	at org.springframework.boot.SpringApplication.run(SpringApplication.java:1151)
	at com.zzh.BlogApplication.main(BlogApplication.java:12)
Caused by: org.springframework.jdbc.CannotGetJdbcConnectionException: Could not get JDBC Connection; nested exception is com.mysql.jdbc.exceptions.jdbc4.MySQLSyntaxErrorException: Unknown database 'blog'
	at org.springframework.jdbc.datasource.DataSourceUtils.getConnection(DataSourceUtils.java:80)
	at org.springframework.jdbc.support.JdbcUtils.extractDatabaseMetaData(JdbcUtils.java:326)
	... 61 more
Caused by: com.mysql.jdbc.exceptions.jdbc4.MySQLSyntaxErrorException: Unknown database 'blog'
	at sun.reflect.NativeConstructorAccessorImpl.newInstance0(Native Method)
	at sun.reflect.NativeConstructorAccessorImpl.newInstance(NativeConstructorAccessorImpl.java:62)
	at sun.reflect.DelegatingConstructorAccessorImpl.newInstance(DelegatingConstructorAccessorImpl.java:45)
	at java.lang.reflect.Constructor.newInstance(Constructor.java:423)
	at com.mysql.jdbc.Util.handleNewInstance(Util.java:425)
	at com.mysql.jdbc.Util.getInstance(Util.java:408)
	at com.mysql.jdbc.SQLError.createSQLException(SQLError.java:943)
	at com.mysql.jdbc.MysqlIO.checkErrorPacket(MysqlIO.java:3973)
	at com.mysql.jdbc.MysqlIO.checkErrorPacket(MysqlIO.java:3909)
	at com.mysql.jdbc.MysqlIO.checkErrorPacket(MysqlIO.java:873)
	at com.mysql.jdbc.MysqlIO.proceedHandshakeWithPluggableAuthentication(MysqlIO.java:1710)
	at com.mysql.jdbc.MysqlIO.doHandshake(MysqlIO.java:1226)
	at com.mysql.jdbc.ConnectionImpl.coreConnect(ConnectionImpl.java:2205)
	at com.mysql.jdbc.ConnectionImpl.connectOneTryOnly(ConnectionImpl.java:2236)
	at com.mysql.jdbc.ConnectionImpl.createNewIO(ConnectionImpl.java:2035)
	at com.mysql.jdbc.ConnectionImpl.<init>(ConnectionImpl.java:790)
	at com.mysql.jdbc.JDBC4Connection.<init>(JDBC4Connection.java:47)
	at sun.reflect.NativeConstructorAccessorImpl.newInstance0(Native Method)
	at sun.reflect.NativeConstructorAccessorImpl.newInstance(NativeConstructorAccessorImpl.java:62)
	at sun.reflect.DelegatingConstructorAccessorImpl.newInstance(DelegatingConstructorAccessorImpl.java:45)
	at java.lang.reflect.Constructor.newInstance(Constructor.java:423)
	at com.mysql.jdbc.Util.handleNewInstance(Util.java:425)
	at com.mysql.jdbc.ConnectionImpl.getInstance(ConnectionImpl.java:400)
	at com.mysql.jdbc.NonRegisteringDriver.connect(NonRegisteringDriver.java:330)
	at org.apache.tomcat.jdbc.pool.PooledConnection.connectUsingDriver(PooledConnection.java:310)
	at org.apache.tomcat.jdbc.pool.PooledConnection.connect(PooledConnection.java:203)
	at org.apache.tomcat.jdbc.pool.ConnectionPool.createConnection(ConnectionPool.java:732)
	at org.apache.tomcat.jdbc.pool.ConnectionPool.borrowConnection(ConnectionPool.java:664)
	at org.apache.tomcat.jdbc.pool.ConnectionPool.init(ConnectionPool.java:479)
	at org.apache.tomcat.jdbc.pool.ConnectionPool.<init>(ConnectionPool.java:154)
	at org.apache.tomcat.jdbc.pool.DataSourceProxy.pCreatePool(DataSourceProxy.java:118)
	at org.apache.tomcat.jdbc.pool.DataSourceProxy.createPool(DataSourceProxy.java:107)
	at org.apache.tomcat.jdbc.pool.DataSourceProxy.getConnection(DataSourceProxy.java:131)
	at org.springframework.jdbc.datasource.DataSourceUtils.doGetConnection(DataSourceUtils.java:111)
	at org.springframework.jdbc.datasource.DataSourceUtils.getConnection(DataSourceUtils.java:77)
	... 62 more
2017-09-04 14:28:38,806  INFO LocalContainerEntityManagerFactoryBean:349 - Building JPA container EntityManagerFactory for persistence unit 'default'
2017-09-04 14:28:38,821  INFO LogHelper:31 - HHH000204: Processing PersistenceUnitInfo [
	name: default
	...]
2017-09-04 14:28:38,868  INFO Version:37 - HHH000412: Hibernate Core {5.0.12.Final}
2017-09-04 14:28:38,868  INFO Environment:213 - HHH000206: hibernate.properties not found
2017-09-04 14:28:38,868  INFO Environment:317 - HHH000021: Bytecode provider name : javassist
2017-09-04 14:28:38,915  INFO Version:66 - HCANN000001: Hibernate Commons Annotations {5.0.1.Final}
2017-09-04 14:28:39,009  WARN JdbcEnvironmentInitiator:132 - HHH000342: Could not obtain connection to query metadata : Unknown database 'blog'
2017-09-04 14:28:39,009  WARN AnnotationConfigEmbeddedWebApplicationContext:550 - Exception encountered during context initialization - cancelling refresh attempt: org.springframework.beans.factory.BeanCreationException: Error creating bean with name 'entityManagerFactory' defined in class path resource [org/springframework/boot/autoconfigure/orm/jpa/HibernateJpaAutoConfiguration.class]: Invocation of init method failed; nested exception is org.hibernate.service.spi.ServiceException: Unable to create requested service [org.hibernate.engine.jdbc.env.spi.JdbcEnvironment]
2017-09-04 14:28:39,009  INFO AutoConfigurationReportLoggingInitializer:101 - 

Error starting ApplicationContext. To display the auto-configuration report re-run your application with 'debug' enabled.
2017-09-04 14:28:39,024 ERROR SpringApplication:815 - Application startup failed
org.springframework.beans.factory.BeanCreationException: Error creating bean with name 'entityManagerFactory' defined in class path resource [org/springframework/boot/autoconfigure/orm/jpa/HibernateJpaAutoConfiguration.class]: Invocation of init method failed; nested exception is org.hibernate.service.spi.ServiceException: Unable to create requested service [org.hibernate.engine.jdbc.env.spi.JdbcEnvironment]
	at org.springframework.beans.factory.support.AbstractAutowireCapableBeanFactory.initializeBean(AbstractAutowireCapableBeanFactory.java:1628)
	at org.springframework.beans.factory.support.AbstractAutowireCapableBeanFactory.doCreateBean(AbstractAutowireCapableBeanFactory.java:555)
	at org.springframework.beans.factory.support.AbstractAutowireCapableBeanFactory.createBean(AbstractAutowireCapableBeanFactory.java:483)
	at org.springframework.beans.factory.support.AbstractBeanFactory$1.getObject(AbstractBeanFactory.java:306)
	at org.springframework.beans.factory.support.DefaultSingletonBeanRegistry.getSingleton(DefaultSingletonBeanRegistry.java:230)
	at org.springframework.beans.factory.support.AbstractBeanFactory.doGetBean(AbstractBeanFactory.java:302)
	at org.springframework.beans.factory.support.AbstractBeanFactory.getBean(AbstractBeanFactory.java:197)
	at org.springframework.context.support.AbstractApplicationContext.getBean(AbstractApplicationContext.java:1081)
	at org.springframework.context.support.AbstractApplicationContext.finishBeanFactoryInitialization(AbstractApplicationContext.java:856)
	at org.springframework.context.support.AbstractApplicationContext.refresh(AbstractApplicationContext.java:542)
	at org.springframework.boot.context.embedded.EmbeddedWebApplicationContext.refresh(EmbeddedWebApplicationContext.java:122)
	at org.springframework.boot.SpringApplication.refresh(SpringApplication.java:737)
	at org.springframework.boot.SpringApplication.refreshContext(SpringApplication.java:370)
	at org.springframework.boot.SpringApplication.run(SpringApplication.java:314)
	at org.springframework.boot.SpringApplication.run(SpringApplication.java:1162)
	at org.springframework.boot.SpringApplication.run(SpringApplication.java:1151)
	at com.zzh.BlogApplication.main(BlogApplication.java:12)
Caused by: org.hibernate.service.spi.ServiceException: Unable to create requested service [org.hibernate.engine.jdbc.env.spi.JdbcEnvironment]
	at org.hibernate.service.internal.AbstractServiceRegistryImpl.createService(AbstractServiceRegistryImpl.java:264)
	at org.hibernate.service.internal.AbstractServiceRegistryImpl.initializeService(AbstractServiceRegistryImpl.java:228)
	at org.hibernate.service.internal.AbstractServiceRegistryImpl.getService(AbstractServiceRegistryImpl.java:207)
	at org.hibernate.engine.jdbc.internal.JdbcServicesImpl.configure(JdbcServicesImpl.java:51)
	at org.hibernate.boot.registry.internal.StandardServiceRegistryImpl.configureService(StandardServiceRegistryImpl.java:94)
	at org.hibernate.service.internal.AbstractServiceRegistryImpl.initializeService(AbstractServiceRegistryImpl.java:237)
	at org.hibernate.service.internal.AbstractServiceRegistryImpl.getService(AbstractServiceRegistryImpl.java:207)
	at org.hibernate.boot.model.process.spi.MetadataBuildingProcess.handleTypes(MetadataBuildingProcess.java:352)
	at org.hibernate.boot.model.process.spi.MetadataBuildingProcess.complete(MetadataBuildingProcess.java:111)
	at org.hibernate.jpa.boot.internal.EntityManagerFactoryBuilderImpl.metadata(EntityManagerFactoryBuilderImpl.java:847)
	at org.hibernate.jpa.boot.internal.EntityManagerFactoryBuilderImpl.build(EntityManagerFactoryBuilderImpl.java:874)
	at org.springframework.orm.jpa.vendor.SpringHibernateJpaPersistenceProvider.createContainerEntityManagerFactory(SpringHibernateJpaPersistenceProvider.java:60)
	at org.springframework.orm.jpa.LocalContainerEntityManagerFactoryBean.createNativeEntityManagerFactory(LocalContainerEntityManagerFactoryBean.java:353)
	at org.springframework.orm.jpa.AbstractEntityManagerFactoryBean.buildNativeEntityManagerFactory(AbstractEntityManagerFactoryBean.java:370)
	at org.springframework.orm.jpa.AbstractEntityManagerFactoryBean.afterPropertiesSet(AbstractEntityManagerFactoryBean.java:359)
	at org.springframework.beans.factory.support.AbstractAutowireCapableBeanFactory.invokeInitMethods(AbstractAutowireCapableBeanFactory.java:1687)
	at org.springframework.beans.factory.support.AbstractAutowireCapableBeanFactory.initializeBean(AbstractAutowireCapableBeanFactory.java:1624)
	... 16 more
Caused by: org.hibernate.HibernateException: Access to DialectResolutionInfo cannot be null when 'hibernate.dialect' not set
	at org.hibernate.engine.jdbc.dialect.internal.DialectFactoryImpl.determineDialect(DialectFactoryImpl.java:100)
	at org.hibernate.engine.jdbc.dialect.internal.DialectFactoryImpl.buildDialect(DialectFactoryImpl.java:54)
	at org.hibernate.engine.jdbc.env.internal.JdbcEnvironmentInitiator.initiateService(JdbcEnvironmentInitiator.java:137)
	at org.hibernate.engine.jdbc.env.internal.JdbcEnvironmentInitiator.initiateService(JdbcEnvironmentInitiator.java:35)
	at org.hibernate.boot.registry.internal.StandardServiceRegistryImpl.initiateService(StandardServiceRegistryImpl.java:88)
	at org.hibernate.service.internal.AbstractServiceRegistryImpl.createService(AbstractServiceRegistryImpl.java:254)
	... 32 more
2017-09-04 15:31:00,936  INFO BlogApplication:48 - Starting BlogApplication on DESKTOP-73TUSNQ with PID 1768 (D:\my\blog\target\classes started by lenovo in D:\my\blog)
2017-09-04 15:31:00,951  INFO BlogApplication:637 - No active profile set, falling back to default profiles: default
2017-09-04 15:31:01,420  INFO AnnotationConfigEmbeddedWebApplicationContext:582 - Refreshing org.springframework.boot.context.embedded.AnnotationConfigEmbeddedWebApplicationContext@73d4cc9e: startup date [Mon Sep 04 15:31:01 CST 2017]; root of context hierarchy
2017-09-04 15:31:02,270  INFO Version:30 - HV000001: Hibernate Validator 5.3.4.Final
2017-09-04 15:31:03,910  INFO PostProcessorRegistrationDelegate$BeanPostProcessorChecker:325 - Bean 'org.springframework.transaction.annotation.ProxyTransactionManagementConfiguration' of type [org.springframework.transaction.annotation.ProxyTransactionManagementConfiguration$$EnhancerBySpringCGLIB$$70e00c73] is not eligible for getting processed by all BeanPostProcessors (for example: not eligible for auto-proxying)
2017-09-04 15:31:04,400  INFO TomcatEmbeddedServletContainer:89 - Tomcat initialized with port(s): 8081 (http)
2017-09-04 15:31:05,140  INFO ContextLoader:276 - Root WebApplicationContext: initialization completed in 3735 ms
2017-09-04 15:31:05,281  INFO ServletRegistrationBean:190 - Mapping servlet: 'kaptchaServlet' to [/verificationCode]
2017-09-04 15:31:05,282  INFO ServletRegistrationBean:190 - Mapping servlet: 'dispatcherServlet' to [/]
2017-09-04 15:31:05,284  INFO FilterRegistrationBean:258 - Mapping filter: 'characterEncodingFilter' to: [/*]
2017-09-04 15:31:05,285  INFO FilterRegistrationBean:258 - Mapping filter: 'hiddenHttpMethodFilter' to: [/*]
2017-09-04 15:31:05,285  INFO FilterRegistrationBean:258 - Mapping filter: 'httpPutFormContentFilter' to: [/*]
2017-09-04 15:31:05,285  INFO FilterRegistrationBean:258 - Mapping filter: 'requestContextFilter' to: [/*]
2017-09-04 15:31:06,446  INFO LocalContainerEntityManagerFactoryBean:349 - Building JPA container EntityManagerFactory for persistence unit 'default'
2017-09-04 15:31:06,517  INFO LogHelper:31 - HHH000204: Processing PersistenceUnitInfo [
	name: default
	...]
2017-09-04 15:31:06,696  INFO Version:37 - HHH000412: Hibernate Core {5.0.12.Final}
2017-09-04 15:31:06,698  INFO Environment:213 - HHH000206: hibernate.properties not found
2017-09-04 15:31:06,699  INFO Environment:317 - HHH000021: Bytecode provider name : javassist
2017-09-04 15:31:06,880  INFO Version:66 - HCANN000001: Hibernate Commons Annotations {5.0.1.Final}
2017-09-04 15:31:07,076  INFO Dialect:156 - HHH000400: Using dialect: org.hibernate.dialect.MySQL5Dialect
2017-09-04 15:31:07,521  INFO SchemaUpdate:105 - HHH000228: Running hbm2ddl schema update
2017-09-04 15:31:07,529  INFO InformationExtractorJdbcDatabaseMetaDataImpl:365 - HHH000262: Table not found: user
2017-09-04 15:31:07,530  INFO InformationExtractorJdbcDatabaseMetaDataImpl:365 - HHH000262: Table not found: user
2017-09-04 15:31:09,379  INFO LocalContainerEntityManagerFactoryBean:379 - Initialized JPA EntityManagerFactory for persistence unit 'default'
2017-09-04 15:31:10,145  INFO RequestMappingHandlerAdapter:534 - Looking for @ControllerAdvice: org.springframework.boot.context.embedded.AnnotationConfigEmbeddedWebApplicationContext@73d4cc9e: startup date [Mon Sep 04 15:31:01 CST 2017]; root of context hierarchy
2017-09-04 15:31:10,302  INFO RequestMappingHandlerMapping:543 - Mapped "{[/register],methods=[POST]}" onto public java.lang.String com.zzh.controller.UserController.register(com.zzh.domain.User,javax.servlet.http.HttpSession) throws com.zzh.exception.MyException
2017-09-04 15:31:10,303  INFO RequestMappingHandlerMapping:543 - Mapped "{[/active],methods=[GET]}" onto public java.lang.String com.zzh.controller.UserController.active(java.lang.String,java.lang.String) throws com.zzh.exception.MyException
2017-09-04 15:31:10,303  INFO RequestMappingHandlerMapping:543 - Mapped "{[/login],methods=[POST]}" onto public java.lang.String com.zzh.controller.UserController.login(java.lang.String,java.lang.String,java.lang.String,javax.servlet.http.HttpSession) throws com.zzh.exception.MyException
2017-09-04 15:31:10,303  INFO RequestMappingHandlerMapping:543 - Mapped "{[/hello],methods=[GET]}" onto public java.lang.String com.zzh.controller.UserController.hello(javax.servlet.http.HttpSession)
2017-09-04 15:31:10,304  INFO RequestMappingHandlerMapping:543 - Mapped "{[/upload/icon],methods=[POST]}" onto public java.lang.String com.zzh.controller.UserController.uploadIcon(org.springframework.web.multipart.MultipartFile) throws com.zzh.exception.MyException
2017-09-04 15:31:10,304  INFO RequestMappingHandlerMapping:543 - Mapped "{[/logout],methods=[GET]}" onto public java.lang.String com.zzh.controller.UserController.logout(javax.servlet.http.HttpSession)
2017-09-04 15:31:10,304  INFO RequestMappingHandlerMapping:543 - Mapped "{[/email],methods=[GET]}" onto public java.lang.String com.zzh.controller.UserController.email(java.lang.String,java.lang.String) throws com.zzh.exception.MyException
2017-09-04 15:31:10,306  INFO RequestMappingHandlerMapping:543 - Mapped "{[/error]}" onto public org.springframework.http.ResponseEntity<java.util.Map<java.lang.String, java.lang.Object>> org.springframework.boot.autoconfigure.web.BasicErrorController.error(javax.servlet.http.HttpServletRequest)
2017-09-04 15:31:10,306  INFO RequestMappingHandlerMapping:543 - Mapped "{[/error],produces=[text/html]}" onto public org.springframework.web.servlet.ModelAndView org.springframework.boot.autoconfigure.web.BasicErrorController.errorHtml(javax.servlet.http.HttpServletRequest,javax.servlet.http.HttpServletResponse)
2017-09-04 15:31:10,324  INFO SimpleUrlHandlerMapping:362 - Mapped URL path [/webjars/**] onto handler of type [class org.springframework.web.servlet.resource.ResourceHttpRequestHandler]
2017-09-04 15:31:10,325  INFO SimpleUrlHandlerMapping:362 - Mapped URL path [/**] onto handler of type [class org.springframework.web.servlet.resource.ResourceHttpRequestHandler]
2017-09-04 15:31:10,339  INFO ExceptionHandlerExceptionResolver:273 - Detected @ExceptionHandler methods in globalExceptionHandler
2017-09-04 15:31:10,367  INFO SimpleUrlHandlerMapping:362 - Mapped URL path [/**/favicon.ico] onto handler of type [class org.springframework.web.servlet.resource.ResourceHttpRequestHandler]
2017-09-04 15:31:10,710  INFO AnnotationMBeanExporter:431 - Registering beans for JMX exposure on startup
2017-09-04 15:31:10,952  INFO TomcatEmbeddedServletContainer:198 - Tomcat started on port(s): 8081 (http)
2017-09-04 15:31:11,011  INFO BlogApplication:57 - Started BlogApplication in 10.778 seconds (JVM running for 16.261)
